[INFO] 19:08:49:323 Servidor/(5565:5565): Servidor listo para recibir al cliente
[INFO] 19:14:02:906 Servidor/(5911:5911): Servidor listo para recibir al cliente
[INFO] 19:15:09:027 Servidor/(5951:5951): Servidor listo para recibir al cliente
[INFO] 19:15:16:978 Servidor/(5951:5951): Se conecto un cliente!
[INFO] 19:15:16:979 Servidor/(5951:5951): Me llego el mensaje valor
[ERROR] 19:15:16:979 Servidor/(5951:5951): el cliente se desconecto. Terminando servidor
[INFO] 19:21:43:271 Servidor/(6066:6066): Servidor listo para recibir al cliente
[INFO] 19:21:49:799 Servidor/(6066:6066): Se conecto un cliente!
[INFO] 19:21:49:799 Servidor/(6066:6066): Me llego el mensaje valor
[ERROR] 19:21:49:799 Servidor/(6066:6066): el cliente se desconecto. Terminando servidor
[INFO] 19:22:20:592 Servidor/(6100:6100): Servidor listo para recibir al cliente
[INFO] 19:22:25:616 Servidor/(6100:6100): Se conecto un cliente!
[INFO] 19:22:25:616 Servidor/(6100:6100): Me llego el mensaje valor
[ERROR] 19:22:26:805 Servidor/(6100:6100): el cliente se desconecto. Terminando servidor
[INFO] 19:23:38:401 Servidor/(6153:6153): Servidor listo para recibir al cliente
[INFO] 19:23:43:456 Servidor/(6153:6153): Se conecto un cliente!
[INFO] 19:23:43:456 Servidor/(6153:6153): Me llego el mensaje valor
[INFO] 19:23:49:119 Servidor/(6153:6153): Me llegaron los siguientes valores:

[INFO] 19:23:49:120 Servidor/(6153:6153): hola
[INFO] 19:23:49:120 Servidor/(6153:6153): se
[INFO] 19:23:49:120 Servidor/(6153:6153): ...
[ERROR] 19:23:49:120 Servidor/(6153:6153): el cliente se desconecto. Terminando servidor
[INFO] 17:12:50:869 Servidor/(5880:5880): Servidor listo para recibir al cliente
[INFO] 17:12:56:346 Servidor/(5880:5880): Se conecto un cliente!
[INFO] 17:12:56:346 Servidor/(5880:5880): Me llego el mensaje valor
[INFO] 17:36:13:971 Servidor/(6596:6596): Servidor listo para recibir al cliente
[INFO] 17:36:38:234 Servidor/(6596:6596): Se conecto un cliente!
[INFO] 17:36:38:234 Servidor/(6596:6596): Me llego el mensaje valor
[INFO] 17:36:48:234 Servidor/(6596:6596): Me llegaron los siguientes valores:

[INFO] 17:36:48:235 Servidor/(6596:6596): hola
[INFO] 17:36:48:235 Servidor/(6596:6596): cha
[INFO] 17:36:48:235 Servidor/(6596:6596): llala
[ERROR] 17:36:48:235 Servidor/(6596:6596): el cliente se desconecto. Terminando servidor
[INFO] 18:09:48:839 Servidor/(3772:3772): Servidor listo para recibir al cliente
[INFO] 18:09:54:274 Servidor/(3772:3772): Se conecto un cliente!
[INFO] 18:09:54:274 Servidor/(3772:3772): Me llego el mensaje valor
[INFO] 18:09:57:185 Servidor/(3772:3772): Me llegaron los siguientes valores:

[INFO] 18:09:57:186 Servidor/(3772:3772): hola
[ERROR] 18:09:57:186 Servidor/(3772:3772): el cliente se desconecto. Terminando servidor
